  proyect.cpp
c:\program files (x86)\windows kits\10\include\10.0.17763.0\shared\minwindef.h(130): warning C4005: 'APIENTRY': redefinición de macro
  c:\users\the eye\source\repos\practica1actididadadicional\practica1actididadadicional\include\glfw3.h(98): note: vea la definición anterior de 'APIENTRY'
c:\users\the eye\source\repos\practica1actididadadicional\practica1actididadadicional\proyect.cpp(73): warning C4305: 'inicializando': truncamiento de 'double' a 'float'
c:\users\the eye\source\repos\practica1actididadadicional\practica1actididadadicional\proyect.cpp(77): warning C4305: 'inicializando': truncamiento de 'double' a 'float'
c:\users\the eye\source\repos\practica1actididadadicional\practica1actididadadicional\proyect.cpp(81): warning C4305: 'inicializando': truncamiento de 'double' a 'float'
c:\users\the eye\source\repos\practica1actididadadicional\practica1actididadadicional\proyect.cpp(83): warning C4305: 'inicializando': truncamiento de 'double' a 'float'
c:\users\the eye\source\repos\practica1actididadadicional\practica1actididadadicional\proyect.cpp(360): warning C4244: 'inicializando': conversión de 'float' a 'int'; posible pérdida de datos
c:\users\the eye\source\repos\practica1actididadadicional\practica1actididadadicional\proyect.cpp(374): warning C4244: '=': conversión de 'double' a 'float'; posible pérdida de datos
c:\users\the eye\source\repos\practica1actididadadicional\practica1actididadadicional\proyect.cpp(380): warning C4244: '=': conversión de 'double' a 'int'; posible pérdida de datos
c:\users\the eye\source\repos\practica1actididadadicional\practica1actididadadicional\proyect.cpp(385): warning C4244: '=': conversión de 'double' a 'int'; posible pérdida de datos
c:\users\the eye\source\repos\practica1actididadadicional\practica1actididadadicional\proyect.cpp(444): warning C4305: '-=': truncamiento de 'double' a 'float'
c:\users\the eye\source\repos\practica1actididadadicional\practica1actididadadicional\proyect.cpp(452): warning C4305: '-=': truncamiento de 'double' a 'float'
c:\users\the eye\source\repos\practica1actididadadicional\practica1actididadadicional\proyect.cpp(460): warning C4305: '+=': truncamiento de 'double' a 'float'
c:\users\the eye\source\repos\practica1actididadadicional\practica1actididadadicional\proyect.cpp(468): warning C4305: '+=': truncamiento de 'double' a 'float'
c:\users\the eye\source\repos\practica1actididadadicional\practica1actididadadicional\proyect.cpp(476): warning C4305: '+=': truncamiento de 'double' a 'float'
c:\users\the eye\source\repos\practica1actididadadicional\practica1actididadadicional\proyect.cpp(507): warning C4305: '+=': truncamiento de 'double' a 'float'
c:\users\the eye\source\repos\practica1actididadadicional\practica1actididadadicional\proyect.cpp(515): warning C4305: '+=': truncamiento de 'double' a 'float'
c:\users\the eye\source\repos\practica1actididadadicional\practica1actididadadicional\proyect.cpp(523): warning C4305: '-=': truncamiento de 'double' a 'float'
c:\users\the eye\source\repos\practica1actididadadicional\practica1actididadadicional\proyect.cpp(531): warning C4305: '-=': truncamiento de 'double' a 'float'
c:\users\the eye\source\repos\practica1actididadadicional\practica1actididadadicional\proyect.cpp(539): warning C4305: '+=': truncamiento de 'double' a 'float'
c:\users\the eye\source\repos\practica1actididadadicional\practica1actididadadicional\proyect.cpp(547): warning C4305: '+=': truncamiento de 'double' a 'float'
c:\users\the eye\source\repos\practica1actididadadicional\practica1actididadadicional\proyect.cpp(555): warning C4305: '+=': truncamiento de 'double' a 'float'
c:\users\the eye\source\repos\practica1actididadadicional\practica1actididadadicional\proyect.cpp(563): warning C4305: '-=': truncamiento de 'double' a 'float'
c:\users\the eye\source\repos\practica1actididadadicional\practica1actididadadicional\proyect.cpp(571): warning C4305: '+=': truncamiento de 'double' a 'float'
c:\users\the eye\source\repos\practica1actididadadicional\practica1actididadadicional\proyect.cpp(582): warning C4305: '-=': truncamiento de 'double' a 'float'
c:\users\the eye\source\repos\practica1actididadadicional\practica1actididadadicional\proyect.cpp(590): warning C4305: '-=': truncamiento de 'double' a 'float'
c:\users\the eye\source\repos\practica1actididadadicional\practica1actididadadicional\proyect.cpp(598): warning C4305: '+=': truncamiento de 'double' a 'float'
c:\users\the eye\source\repos\practica1actididadadicional\practica1actididadadicional\proyect.cpp(606): warning C4305: '+=': truncamiento de 'double' a 'float'
c:\users\the eye\source\repos\practica1actididadadicional\practica1actididadadicional\proyect.cpp(1072): warning C4244: 'argumento': conversión de 'double' a 'float'; posible pérdida de datos
c:\users\the eye\source\repos\practica1actididadadicional\practica1actididadadicional\proyect.cpp(1079): warning C4244: 'argumento': conversión de 'double' a 'float'; posible pérdida de datos
LINK : warning LNK4075: se omite '/INCREMENTAL' debido a la especificación '/LTCG'
soil2-debug.lib(SOIL2.obj) : warning LNK4075: se omite '/EDITANDCONTINUE' debido a la especificación '/OPT:ICF'
LINK : warning LNK4098: la biblioteca predeterminada'MSVCRTD' entra en conflicto con otras bibliotecas; use la biblioteca /NODEFAULTLIB:biblioteca
  Generando código
  All 811 functions were compiled because no usable IPDB/IOBJ from previous compilation was found.
  Generación de código finalizada
soil2-debug.lib(etc1_utils.obj) : warning LNK4099: no se encontró PDB 'soil2-debug.pdb' con 'soil2-debug.lib(etc1_utils.obj)' o en 'C:\Users\THE EYE\source\repos\Practica1ActididadAdicional\Release\soil2-debug.pdb'; se vinculará el objeto sin tener en cuenta información de depuración
soil2-debug.lib(image_DXT.obj) : warning LNK4099: no se encontró PDB 'soil2-debug.pdb' con 'soil2-debug.lib(image_DXT.obj)' o en 'C:\Users\THE EYE\source\repos\Practica1ActididadAdicional\Release\soil2-debug.pdb'; se vinculará el objeto sin tener en cuenta información de depuración
soil2-debug.lib(image_helper.obj) : warning LNK4099: no se encontró PDB 'soil2-debug.pdb' con 'soil2-debug.lib(image_helper.obj)' o en 'C:\Users\THE EYE\source\repos\Practica1ActididadAdicional\Release\soil2-debug.pdb'; se vinculará el objeto sin tener en cuenta información de depuración
soil2-debug.lib(SOIL2.obj) : warning LNK4099: no se encontró PDB 'soil2-debug.pdb' con 'soil2-debug.lib(SOIL2.obj)' o en 'C:\Users\THE EYE\source\repos\Practica1ActididadAdicional\Release\soil2-debug.pdb'; se vinculará el objeto sin tener en cuenta información de depuración
  Practica1ActididadAdicional.vcxproj -> C:\Users\THE EYE\source\repos\Practica1ActididadAdicional\Release\Practica1ActididadAdicional.exe
